0.008352 107
0.001961 59
0.012897 37
0.000202 166
1.266914 6
0.000135 7
0.000559 29
0.156075 29
0.236169 28
0.000202 38
0.122028 32
0.181595 22
0.029289 42
0.000086 21
0.378763 46
0.000271 22
0.003631 48
0.005982 14
0.175172 27
0.000252 16
0.000015 177
0.006772 202
1.025328 6
0.000276 22
0.000267 29
0.138155 27
0.000028 9
0.414164 41
0.000097 22
0.003787 40
0.009684 159
0.000242 193
0.006735 202
2.472766 6
0.000252 29
0.000136 31
0.192448 29
0.406422 39
0.000063 41
0.219133 22
0.000595 44
0.000257 24
0.441417 49
0.000153 22
0.004033 51
0.003056 80
0.000026 26
0.000107 101
2.295886 1
0.299249 2
0.000189 237
0.555365 1
0.204521 110
0.000032 99
0.000053 60
0.411254 1
0.176581 110
0.000036 49
0.000027 96
0.000021 16
0.000022 28
0.259951 1
0.161983 2
0.000034 203
0.000024 48
0.000054 76
0.168870 1
0.161005 2
0.000037 153
0.000021 32
0.000023 96
0.000112 76
0.189630 1
0.159717 2
0.000035 213
0.000022 2
0.000023 96
0.000055 76
0.149509 1
0.260663 2
0.000030 167
0.000058 96
0.000024 124
4.865923 1
0.493186 2
0.000035 149
0.000023 34
0.000026 80
0.000024 64
0.000022 60
2.491233 1
1.309062 2
0.000059 151
0.000028 64
0.000024 64
0.000023 64
0.000049 44
4.559712 1
0.765788 2
0.000035 135
0.000021 48
0.000027 80
0.000021 64
0.000023 60
4.947645 1
0.644216 2
0.000040 151
0.000027 96
0.000023 16
0.000025 96
0.000023 28
1.897898 1
1.234525 110
0.000037 43
0.000027 64
0.000022 112
0.000020 32
0.000022 28
4.106010 1
0.521694 2
0.000030 167
0.000058 144
0.000041 76
2.512480 1
0.714769 2
0.000029 167
0.000062 158
0.000021 34
0.000023 28
3.445581 1
0.254645 2
0.000028 135
0.000023 96
0.000026 48
0.000021 48
0.000023 60
1.029318 1
0.531610 110
0.000088 75
0.000028 204
3.083757 1
0.349432 2
0.000033 183
0.000063 144
0.000023 32
0.000022 28
1.505732 1
0.436015 2
0.000032 151
0.000024 48
0.000022 80
0.000024 64
0.000024 44
1.248440 2
0.001946 18
0.000028 177
0.010207 36
0.000044 182
1.405630 6
0.000214 51
0.087284 27
0.000030 9
0.116106 41
0.000209 22
0.003660 40
0.005991 159
0.000591 193
0.007299 202
1.301489 6
0.000317 55
0.113615 29
0.000324 27
0.126806 23
0.000342 33
0.108510 27
0.000103 13
0.526928 43
0.000166 22
0.004006 42
0.000297 27
