0.008259 107
0.001951 63
0.012666 41
0.000231 170
1.078975 6
0.000274 7
0.000312 30
0.150593 30
0.478654 9
0.000226 48
0.000219 59
0.122747 53
0.208504 52
1.092823 41
0.000223 6
0.000027 71
2.568283 76
0.000174 22
0.003638 62
7.864622 16
0.000132 146
0.011896 40
0.000034 170
2.255383 22
0.001477 58
0.000350 71
1.213962 22
0.000840 37
0.801647 6
0.000452 57
0.118037 58
0.118799 24
2.567735 9
0.000189 27
0.000245 43
0.138306 41
0.248467 22
0.002677 128
0.000248 51
0.290579 50
0.000260 22
0.003927 48
0.000303 33
0.000141 16
0.000047 146
0.027542 40
0.000128 184
0.967489 6
0.000292 23
0.000302 25
0.088481 58
0.205540 24
0.497390 9
0.000407 70
0.166167 41
0.090478 40
0.589640 22
0.000252 47
0.253817 52
0.000215 22
0.003720 52
0.000686 70
0.000267 16
0.000308 146
0.026809 196
0.000029 22
0.755364 6
0.000169 22
0.000076 29
0.117690 36
0.125099 41
0.000280 22
0.003826 45
0.018751 30
0.000887 16
0.000173 146
0.026852 41
0.000175 177
2.068746 6
0.000294 23
0.000072 25
0.084447 25
0.000386 33
0.135359 38
0.000182 38
0.526381 32
0.505922 31
0.000351 46
0.111202 44
0.200137 43
0.114131 43
0.176643 22
0.006160 51
0.000315 49
0.000193 88
0.833999 62
0.000301 22
0.004341 58
0.005643 2988
0.000241 16
0.000188 146
0.029135 41
0.000118 177
2.179188 6
0.000058 34
0.000200 41
0.144969 39
0.111981 38
0.000128 38
0.176777 32
0.886703 31
0.000333 46
0.142786 44
0.093592 43
0.643590 27
0.000192 6
0.000120 45
0.407685 27
0.000190 49
0.000183 56
0.607894 53
0.000158 6
0.000475 138
2.647567 102
0.000281 22
0.003892 63
0.012805 16
0.000084 146
0.028366 41
0.000180 177
4.258306 6
0.000351 62
0.000058 69
0.123644 67
0.119388 66
0.000173 66
0.490005 60
0.909882 52
0.000251 6
0.000299 138
1.591413 6
0.000291 6
0.547125 12
0.000152 6
0.044617 6
0.000064 6
0.000036 6
0.032886 12
0.029671 6
0.000303 6
0.041591 6
0.000105 6
0.049843 12
0.031202 6
0.000031 6
0.340223 12
0.405986 66
0.197593 66
0.140356 66
0.506463 66
0.126789 66
0.000435 79
0.185818 75
0.178110 75
0.360766 75
0.000336 64
0.679681 63
0.000467 75
0.120930 72
0.178071 72
0.220985 72
0.000531 72
0.103440 63
0.460988 63
0.106261 63
0.064820 63
1.533290 102
0.000231 22
0.004278 63
0.007923 16
0.000194 146
0.027026 41
0.000074 177
1.789102 22
0.000743 70
0.001001 138
1.251292 22
0.000393 75
0.000389 138
0.649105 102
0.000294 22
0.003994 63
0.007695 16
0.000289 146
0.027576 41
0.000031 177
1.798124 22
0.000865 70
0.000475 138
0.518392 22
0.000393 75
0.000505 138
0.677961 6
0.000223 6
0.202397 12
0.140530 6
0.000030 6
0.200673 6
0.000281 6
0.753932 29
0.149162 29
0.158361 29
5.476563 31
0.000370 27
0.155162 26
0.116304 26
0.534225 6
0.172831 6
0.190845 6
0.286430 6
0.000921 23
0.359798 105
0.000239 22
0.003676 63
0.007912 16
0.000295 146
0.027522 41
0.000073 177
1.051242 6
0.000048 51
0.125629 22
0.000129 14
0.063828 41
0.000281 22
0.003209 45
0.005722 30
0.000878 16
0.000194 146
0.026684 41
0.000115 177
2.306196 6
0.000267 23
0.000058 62
0.151999 67
0.153244 66
0.000098 66
0.798339 60
0.548388 9
0.000445 70
0.026287 41
0.148773 40
0.494212 24
0.000031 6
0.000307 42
0.447817 53
0.000271 22
0.003745 54
0.004225 826
0.000042 468
0.000029 164
0.000841 16
0.000295 146
0.028416 30
0.000031 11
0.000103 177
1.814002 6
0.000263 69
0.156764 36
0.115347 35
0.000278 35
0.579612 29
1.076238 9
0.000404 70
0.105563 41
0.097128 40
0.484558 30
0.000123 42
1.015669 53
0.000157 22
0.003629 54
0.004632 1530
0.000388 16
0.000140 146
0.027965 41
0.000126 177
3.548114 6
0.000229 54
0.093871 25
0.000190 33
0.300735 24
0.186000 23
0.000105 38
0.116712 31
0.181731 46
0.000204 22
0.003912 48
0.000718 63
0.000402 162
0.026560 40
0.000060 170
0.840328 6
0.000031 22
0.000410 29
0.049280 27
0.000174 9
0.178623 41
0.000408 22
0.003759 44
0.005616 135
0.000928 16
0.000281 146
0.027061 40
0.000071 170
2.596912 6
0.000205 24
0.000176 31
0.172477 29
0.001326 27
0.626172 23
0.000544 33
0.123850 40
0.561975 43
0.000291 22
0.003722 46
0.000317 27
